# JRE version: OpenJDK Runtime Environment Corretto-17.0.11.9.1 (17.0.11+9) (build 17.0.11+9-LTS)
# Java VM: OpenJDK 64-Bit Server VM Corretto-17.0.11.9.1 (17.0.11+9-LTS, mixed mode, sharing, tiered, compressed oops, compressed class ptrs, g1 gc, windows-amd64)
GC Precious Log:
 CPUs: 12 total, 12 available
 Memory: 12057M
 Large Page Support: Disabled
 NUMA Support: Disabled
 Compressed Oops: Enabled (Zero based)
 Heap Region Size: 2M
 Heap Min Capacity: 8M
 Heap Initial Capacity: 190M
 Heap Max Capacity: 3016M
 Pre-touch: Disabled
 Parallel Workers: 10
 Concurrent Workers: 3
 Concurrent Refinement Workers: 10
 Periodic GC: Disabled
Heap:
 garbage-first heap   total 61440K, used 26996K [0x0000000743800000, 0x0000000800000000)
  region size 2048K, 5 young (10240K), 1 survivors (2048K)
 Metaspace       used 46714K, committed 47168K, reserved 1114112K
  class space    used 6229K, committed 6464K, reserved 1048576K
GC Heap History (20 events):
Event: 1.756 GC heap before
{Heap before GC invocations=0 (full 0):
 garbage-first heap   total 194560K, used 20480K [0x0000000743800000, 0x0000000800000000)
  region size 2048K, 11 young (22528K), 0 survivors (0K)
 Metaspace       used 5368K, committed 5568K, reserved 1114112K
  class space    used 618K, committed 704K, reserved 1048576K
}
Event: 1.770 GC heap after
{Heap after GC invocations=1 (full 0):
 garbage-first heap   total 194560K, used 6684K [0x0000000743800000, 0x0000000800000000)
  region size 2048K, 2 young (4096K), 2 survivors (4096K)
 Metaspace       used 5368K, committed 5568K, reserved 1114112K
  class space    used 618K, committed 704K, reserved 1048576K
}
Event: 2.470 GC heap before
{Heap before GC invocations=1 (full 0):
 garbage-first heap   total 194560K, used 29212K [0x0000000743800000, 0x0000000800000000)
  region size 2048K, 14 young (28672K), 2 survivors (4096K)
 Metaspace       used 10482K, committed 10752K, reserved 1114112K
  class space    used 1348K, committed 1472K, reserved 1048576K
}
Event: 2.481 GC heap after
{Heap after GC invocations=2 (full 0):
 garbage-first heap   total 194560K, used 8194K [0x0000000743800000, 0x0000000800000000)
  region size 2048K, 1 young (2048K), 1 survivors (2048K)
 Metaspace       used 10482K, committed 10752K, reserved 1114112K
  class space    used 1348K, committed 1472K, reserved 1048576K
}
Event: 4.039 GC heap before
{Heap before GC invocations=2 (full 0):
 garbage-first heap   total 194560K, used 71682K [0x0000000743800000, 0x0000000800000000)
  region size 2048K, 33 young (67584K), 1 survivors (2048K)
 Metaspace       used 21288K, committed 21504K, reserved 1114112K
  class space    used 2704K, committed 2816K, reserved 1048576K
}
Event: 4.053 GC heap after
{Heap after GC invocations=3 (full 0):
 garbage-first heap   total 194560K, used 12997K [0x0000000743800000, 0x0000000800000000)
  region size 2048K, 4 young (8192K), 4 survivors (8192K)
 Metaspace       used 21288K, committed 21504K, reserved 1114112K
  class space    used 2704K, committed 2816K, reserved 1048576K
}
Event: 5.609 GC heap before
{Heap before GC invocations=4 (full 0):
 garbage-first heap   total 61440K, used 41669K [0x0000000743800000, 0x0000000800000000)
  region size 2048K, 18 young (36864K), 4 survivors (8192K)
 Metaspace       used 25583K, committed 25984K, reserved 1114112K
  class space    used 3323K, committed 3520K, reserved 1048576K
}
Event: 5.628 GC heap after
{Heap after GC invocations=5 (full 0):
 garbage-first heap   total 61440K, used 15427K [0x0000000743800000, 0x0000000800000000)
  region size 2048K, 2 young (4096K), 2 survivors (4096K)
 Metaspace       used 25583K, committed 25984K, reserved 1114112K
  class space    used 3323K, committed 3520K, reserved 1048576K
}
Event: 5.735 GC heap before
{Heap before GC invocations=5 (full 0):
 garbage-first heap   total 61440K, used 17475K [0x0000000743800000, 0x0000000800000000)
  region size 2048K, 3 young (6144K), 2 survivors (4096K)
 Metaspace       used 25939K, committed 26304K, reserved 1114112K
  class space    used 3377K, committed 3584K, reserved 1048576K
}
Event: 5.749 GC heap after
{Heap after GC invocations=6 (full 0):
 garbage-first heap   total 61440K, used 15801K [0x0000000743800000, 0x0000000800000000)
  region size 2048K, 1 young (2048K), 1 survivors (2048K)
 Metaspace       used 25939K, committed 26304K, reserved 1114112K
  class space    used 3377K, committed 3584K, reserved 1048576K
}
Event: 7.921 GC heap before
{Heap before GC invocations=6 (full 0):
 garbage-first heap   total 61440K, used 40377K [0x0000000743800000, 0x0000000800000000)
  region size 2048K, 13 young (26624K), 1 survivors (2048K)
 Metaspace       used 30711K, committed 31168K, reserved 1114112K
  class space    used 4006K, committed 4224K, reserved 1048576K
}
Event: 7.932 GC heap after
{Heap after GC invocations=7 (full 0):
 garbage-first heap   total 61440K, used 17537K [0x0000000743800000, 0x0000000800000000)
  region size 2048K, 2 young (4096K), 2 survivors (4096K)
 Metaspace       used 30711K, committed 31168K, reserved 1114112K
  class space    used 4006K, committed 4224K, reserved 1048576K
}
Event: 8.664 GC heap before
{Heap before GC invocations=7 (full 0):
 garbage-first heap   total 61440K, used 42113K [0x0000000743800000, 0x0000000800000000)
  region size 2048K, 14 young (28672K), 2 survivors (4096K)
 Metaspace       used 35027K, committed 35456K, reserved 1114112K
  class space    used 4647K, committed 4864K, reserved 1048576K
}
Event: 8.668 GC heap after
{Heap after GC invocations=8 (full 0):
 garbage-first heap   total 61440K, used 18715K [0x0000000743800000, 0x0000000800000000)
  region size 2048K, 2 young (4096K), 2 survivors (4096K)
 Metaspace       used 35027K, committed 35456K, reserved 1114112K
  class space    used 4647K, committed 4864K, reserved 1048576K
}
Event: 8.750 GC heap before
{Heap before GC invocations=8 (full 0):
 garbage-first heap   total 61440K, used 20763K [0x0000000743800000, 0x0000000800000000)
  region size 2048K, 4 young (8192K), 2 survivors (4096K)
 Metaspace       used 35553K, committed 35968K, reserved 1114112K
  class space    used 4714K, committed 4928K, reserved 1048576K
}
Event: 8.754 GC heap after
{Heap after GC invocations=9 (full 0):
 garbage-first heap   total 61440K, used 18761K [0x0000000743800000, 0x0000000800000000)
  region size 2048K, 1 young (2048K), 1 survivors (2048K)
 Metaspace       used 35553K, committed 35968K, reserved 1114112K
  class space    used 4714K, committed 4928K, reserved 1048576K
}
Event: 9.966 GC heap before
{Heap before GC invocations=10 (full 0):
 garbage-first heap   total 61440K, used 43337K [0x0000000743800000, 0x0000000800000000)
  region size 2048K, 14 young (28672K), 1 survivors (2048K)
 Metaspace       used 45053K, committed 45504K, reserved 1114112K
  class space    used 5981K, committed 6208K, reserved 1048576K
}
Event: 9.969 GC heap after
{Heap after GC invocations=11 (full 0):
 garbage-first heap   total 61440K, used 21141K [0x0000000743800000, 0x0000000800000000)
  region size 2048K, 2 young (4096K), 2 survivors (4096K)
 Metaspace       used 45053K, committed 45504K, reserved 1114112K
  class space    used 5981K, committed 6208K, reserved 1048576K
}
Event: 10.022 GC heap before
{Heap before GC invocations=11 (full 0):
 garbage-first heap   total 61440K, used 23189K [0x0000000743800000, 0x0000000800000000)
  region size 2048K, 3 young (6144K), 2 survivors (4096K)
 Metaspace       used 45356K, committed 45888K, reserved 1114112K
  class space    used 6028K, committed 6272K, reserved 1048576K
}
Event: 10.027 GC heap after
{Heap after GC invocations=12 (full 0):
 garbage-first heap   total 61440K, used 20852K [0x0000000743800000, 0x0000000800000000)
  region size 2048K, 1 young (2048K), 1 survivors (2048K)
 Metaspace       used 45356K, committed 45888K, reserved 1114112K
  class space    used 6028K, committed 6272K, reserved 1048576K
}

